{"C:\\laragon\\www\\webdevoo-lead\\server\\utils\\auth.ts": {"path":"C:\\laragon\\www\\webdevoo-lead\\server\\utils\\auth.ts","statementMap":{"0":{"start":{"line":6,"column":15},"end":{"line":6,"column":null}},"1":{"start":{"line":7,"column":2},"end":{"line":7,"column":null}},"2":{"start":{"line":12,"column":2},"end":{"line":12,"column":null}},"3":{"start":{"line":17,"column":17},"end":{"line":17,"column":34}},"4":{"start":{"line":18,"column":2},"end":{"line":18,"column":null}},"5":{"start":{"line":23,"column":17},"end":{"line":23,"column":34}},"6":{"start":{"line":24,"column":2},"end":{"line":24,"column":null}},"7":{"start":{"line":29,"column":2},"end":{"line":34,"column":null}},"8":{"start":{"line":30,"column":19},"end":{"line":30,"column":36}},"9":{"start":{"line":31,"column":4},"end":{"line":31,"column":null}},"10":{"start":{"line":33,"column":4},"end":{"line":33,"column":null}},"11":{"start":{"line":39,"column":2},"end":{"line":44,"column":null}},"12":{"start":{"line":40,"column":19},"end":{"line":40,"column":36}},"13":{"start":{"line":41,"column":4},"end":{"line":41,"column":null}},"14":{"start":{"line":43,"column":4},"end":{"line":43,"column":null}}},"fnMap":{"0":{"name":"hashPassword","decl":{"start":{"line":5,"column":22},"end":{"line":5,"column":35}},"loc":{"start":{"line":5,"column":70},"end":{"line":8,"column":null}},"line":5},"1":{"name":"verifyPassword","decl":{"start":{"line":11,"column":22},"end":{"line":11,"column":37}},"loc":{"start":{"line":11,"column":87},"end":{"line":13,"column":null}},"line":11},"2":{"name":"generateAccessToken","decl":{"start":{"line":16,"column":16},"end":{"line":16,"column":36}},"loc":{"start":{"line":16,"column":60},"end":{"line":19,"column":null}},"line":16},"3":{"name":"generateRefreshToken","decl":{"start":{"line":22,"column":16},"end":{"line":22,"column":37}},"loc":{"start":{"line":22,"column":61},"end":{"line":25,"column":null}},"line":22},"4":{"name":"verifyAccessToken","decl":{"start":{"line":28,"column":16},"end":{"line":28,"column":34}},"loc":{"start":{"line":28,"column":76},"end":{"line":35,"column":null}},"line":28},"5":{"name":"verifyRefreshToken","decl":{"start":{"line":38,"column":16},"end":{"line":38,"column":35}},"loc":{"start":{"line":38,"column":77},"end":{"line":45,"column":null}},"line":38}},"branchMap":{},"s":{"0":2,"1":2,"2":2,"3":0,"4":0,"5":0,"6":0,"7":0,"8":0,"9":0,"10":0,"11":0,"12":0,"13":0,"14":0},"f":{"0":2,"1":2,"2":0,"3":0,"4":0,"5":0},"b":{},"meta":{"lastBranch":0,"lastFunction":6,"lastStatement":15,"seen":{"f:5:22:5:35":0,"s:6:15:6:Infinity":0,"s:7:2:7:Infinity":1,"f:11:22:11:37":1,"s:12:2:12:Infinity":2,"f:16:16:16:36":2,"s:17:17:17:34":3,"s:18:2:18:Infinity":4,"f:22:16:22:37":3,"s:23:17:23:34":5,"s:24:2:24:Infinity":6,"f:28:16:28:34":4,"s:29:2:34:Infinity":7,"s:30:19:30:36":8,"s:31:4:31:Infinity":9,"s:33:4:33:Infinity":10,"f:38:16:38:35":5,"s:39:2:44:Infinity":11,"s:40:19:40:36":12,"s:41:4:41:Infinity":13,"s:43:4:43:Infinity":14},"fnNames":{}}}
}
