{"C:\\laragon\\www\\webdevoo-lead\\app\\plugins\\api.ts": {"path":"C:\\laragon\\www\\webdevoo-lead\\app\\plugins\\api.ts","statementMap":{"0":{"start":{"line":14,"column":50},"end":{"line":14,"column":58}},"1":{"start":{"line":16,"column":17},"end":{"line":23,"column":null}},"2":{"start":{"line":18,"column":6},"end":{"line":21,"column":null}},"3":{"start":{"line":19,"column":8},"end":{"line":19,"column":null}},"4":{"start":{"line":20,"column":8},"end":{"line":20,"column":null}},"5":{"start":{"line":25,"column":18},"end":{"line":25,"column":null}},"6":{"start":{"line":27,"column":14},"end":{"line":69,"column":null}},"7":{"start":{"line":31,"column":17},"end":{"line":31,"column":null}},"8":{"start":{"line":33,"column":4},"end":{"line":68,"column":null}},"9":{"start":{"line":34,"column":6},"end":{"line":34,"column":null}},"10":{"start":{"line":36,"column":25},"end":{"line":36,"column":null}},"11":{"start":{"line":37,"column":21},"end":{"line":37,"column":null}},"12":{"start":{"line":38,"column":20},"end":{"line":38,"column":null}},"13":{"start":{"line":40,"column":25},"end":{"line":44,"column":null}},"14":{"start":{"line":46,"column":27},"end":{"line":46,"column":null}},"15":{"start":{"line":49,"column":6},"end":{"line":52,"column":null}},"16":{"start":{"line":50,"column":8},"end":{"line":50,"column":null}},"17":{"start":{"line":51,"column":8},"end":{"line":51,"column":null}},"18":{"start":{"line":55,"column":6},"end":{"line":65,"column":null}},"19":{"start":{"line":56,"column":8},"end":{"line":56,"column":null}},"20":{"start":{"line":58,"column":8},"end":{"line":64,"column":null}},"21":{"start":{"line":59,"column":10},"end":{"line":59,"column":null}},"22":{"start":{"line":60,"column":10},"end":{"line":60,"column":null}},"23":{"start":{"line":62,"column":10},"end":{"line":62,"column":null}},"24":{"start":{"line":63,"column":10},"end":{"line":63,"column":null}},"25":{"start":{"line":67,"column":6},"end":{"line":67,"column":null}},"26":{"start":{"line":71,"column":2},"end":{"line":75,"column":null}}},"fnMap":{"0":{"name":"(anonymous_0)","decl":{"start":{"line":13,"column":15},"end":{"line":13,"column":38}},"loc":{"start":{"line":13,"column":38},"end":{"line":76,"column":1}},"line":13},"1":{"name":"onRequest","decl":{"start":{"line":17,"column":4},"end":{"line":17,"column":14}},"loc":{"start":{"line":17,"column":27},"end":{"line":22,"column":null}},"line":17},"2":{"name":"(anonymous_2)","decl":{"start":{"line":27,"column":14},"end":{"line":27,"column":null}},"loc":{"start":{"line":30,"column":19},"end":{"line":69,"column":null}},"line":30}},"branchMap":{"0":{"loc":{"start":{"line":18,"column":6},"end":{"line":21,"column":null}},"type":"if","locations":[{"start":{"line":18,"column":6},"end":{"line":21,"column":null}},{"start":{},"end":{}}],"line":18},"1":{"loc":{"start":{"line":19,"column":38},"end":{"line":19,"column":59}},"type":"binary-expr","locations":[{"start":{"line":19,"column":38},"end":{"line":19,"column":57}},{"start":{"line":19,"column":57},"end":{"line":19,"column":59}}],"line":19},"2":{"loc":{"start":{"line":29,"column":4},"end":{"line":29,"column":null}},"type":"default-arg","locations":[{"start":{"line":29,"column":34},"end":{"line":29,"column":null}}],"line":29},"3":{"loc":{"start":{"line":37,"column":21},"end":{"line":37,"column":null}},"type":"binary-expr","locations":[{"start":{"line":37,"column":21},"end":{"line":37,"column":43}},{"start":{"line":37,"column":43},"end":{"line":37,"column":null}}],"line":37},"4":{"loc":{"start":{"line":40,"column":25},"end":{"line":44,"column":null}},"type":"cond-expr","locations":[{"start":{"line":41,"column":10},"end":{"line":41,"column":null}},{"start":{"line":42,"column":11},"end":{"line":44,"column":null}}],"line":40},"5":{"loc":{"start":{"line":42,"column":11},"end":{"line":44,"column":null}},"type":"cond-expr","locations":[{"start":{"line":43,"column":14},"end":{"line":43,"column":null}},{"start":{"line":44,"column":14},"end":{"line":44,"column":null}}],"line":42},"6":{"loc":{"start":{"line":42,"column":11},"end":{"line":42,"column":null}},"type":"binary-expr","locations":[{"start":{"line":42,"column":11},"end":{"line":42,"column":42}},{"start":{"line":42,"column":42},"end":{"line":42,"column":62}},{"start":{"line":42,"column":62},"end":{"line":42,"column":null}}],"line":42},"7":{"loc":{"start":{"line":49,"column":6},"end":{"line":52,"column":null}},"type":"if","locations":[{"start":{"line":49,"column":6},"end":{"line":52,"column":null}},{"start":{},"end":{}}],"line":49},"8":{"loc":{"start":{"line":49,"column":10},"end":{"line":49,"column":33}},"type":"binary-expr","locations":[{"start":{"line":49,"column":10},"end":{"line":49,"column":19}},{"start":{"line":49,"column":19},"end":{"line":49,"column":33}}],"line":49},"9":{"loc":{"start":{"line":55,"column":6},"end":{"line":65,"column":null}},"type":"if","locations":[{"start":{"line":55,"column":6},"end":{"line":65,"column":null}},{"start":{},"end":{}}],"line":55},"10":{"loc":{"start":{"line":55,"column":10},"end":{"line":55,"column":36}},"type":"binary-expr","locations":[{"start":{"line":55,"column":10},"end":{"line":55,"column":19}},{"start":{"line":55,"column":19},"end":{"line":55,"column":36}}],"line":55}},"s":{"0":9,"1":9,"2":2,"3":1,"4":1,"5":9,"6":9,"7":7,"8":7,"9":7,"10":6,"11":6,"12":6,"13":6,"14":6,"15":6,"16":2,"17":2,"18":4,"19":2,"20":2,"21":2,"22":1,"23":1,"24":1,"25":2,"26":9},"f":{"0":9,"1":2,"2":7},"b":{"0":[1,1],"1":[1,1],"2":[7],"3":[6,0],"4":[5,1],"5":[1,0],"6":[1,1,1],"7":[2,4],"8":[6,5],"9":[2,2],"10":[4,3]},"meta":{"lastBranch":11,"lastFunction":3,"lastStatement":27,"seen":{"f:13:15:13:38":0,"s:14:50:14:58":0,"s:16:17:23:Infinity":1,"f:17:4:17:14":1,"b:18:6:21:Infinity:undefined:undefined:undefined:undefined":0,"s:18:6:21:Infinity":2,"s:19:8:19:Infinity":3,"b:19:38:19:57:19:57:19:59":1,"s:20:8:20:Infinity":4,"s:25:18:25:Infinity":5,"s:27:14:69:Infinity":6,"f:27:14:27:Infinity":2,"b:29:34:29:Infinity":2,"s:31:17:31:Infinity":7,"s:33:4:68:Infinity":8,"s:34:6:34:Infinity":9,"s:36:25:36:Infinity":10,"s:37:21:37:Infinity":11,"b:37:21:37:43:37:43:37:Infinity":3,"s:38:20:38:Infinity":12,"s:40:25:44:Infinity":13,"b:41:10:41:Infinity:42:11:44:Infinity":4,"b:43:14:43:Infinity:44:14:44:Infinity":5,"b:42:11:42:42:42:42:42:62:42:62:42:Infinity":6,"s:46:27:46:Infinity":14,"b:49:6:52:Infinity:undefined:undefined:undefined:undefined":7,"s:49:6:52:Infinity":15,"b:49:10:49:19:49:19:49:33":8,"s:50:8:50:Infinity":16,"s:51:8:51:Infinity":17,"b:55:6:65:Infinity:undefined:undefined:undefined:undefined":9,"s:55:6:65:Infinity":18,"b:55:10:55:19:55:19:55:36":10,"s:56:8:56:Infinity":19,"s:58:8:64:Infinity":20,"s:59:10:59:Infinity":21,"s:60:10:60:Infinity":22,"s:62:10:62:Infinity":23,"s:63:10:63:Infinity":24,"s:67:6:67:Infinity":25,"s:71:2:75:Infinity":26},"fnNames":{}}}
,"C:\\laragon\\www\\webdevoo-lead\\server\\utils\\auth.ts": {"path":"C:\\laragon\\www\\webdevoo-lead\\server\\utils\\auth.ts","statementMap":{"0":{"start":{"line":8,"column":15},"end":{"line":8,"column":null}},"1":{"start":{"line":9,"column":2},"end":{"line":9,"column":null}},"2":{"start":{"line":14,"column":2},"end":{"line":14,"column":null}},"3":{"start":{"line":18,"column":6},"end":{"line":37,"column":null}},"4":{"start":{"line":20,"column":2},"end":{"line":25,"column":null}},"5":{"start":{"line":21,"column":19},"end":{"line":21,"column":36}},"6":{"start":{"line":22,"column":4},"end":{"line":22,"column":null}},"7":{"start":{"line":24,"column":4},"end":{"line":24,"column":null}},"8":{"start":{"line":27,"column":24},"end":{"line":27,"column":null}},"9":{"start":{"line":29,"column":2},"end":{"line":34,"column":null}},"10":{"start":{"line":30,"column":4},"end":{"line":32,"column":null}},"11":{"start":{"line":31,"column":6},"end":{"line":31,"column":null}},"12":{"start":{"line":33,"column":4},"end":{"line":33,"column":null}},"13":{"start":{"line":36,"column":2},"end":{"line":36,"column":null}},"14":{"start":{"line":40,"column":6},"end":{"line":59,"column":null}},"15":{"start":{"line":42,"column":2},"end":{"line":47,"column":null}},"16":{"start":{"line":43,"column":19},"end":{"line":43,"column":36}},"17":{"start":{"line":44,"column":4},"end":{"line":44,"column":null}},"18":{"start":{"line":46,"column":4},"end":{"line":46,"column":null}},"19":{"start":{"line":49,"column":24},"end":{"line":49,"column":null}},"20":{"start":{"line":51,"column":2},"end":{"line":56,"column":null}},"21":{"start":{"line":52,"column":4},"end":{"line":54,"column":null}},"22":{"start":{"line":53,"column":6},"end":{"line":53,"column":null}},"23":{"start":{"line":55,"column":4},"end":{"line":55,"column":null}},"24":{"start":{"line":58,"column":2},"end":{"line":58,"column":null}},"25":{"start":{"line":63,"column":17},"end":{"line":63,"column":null}},"26":{"start":{"line":64,"column":15},"end":{"line":64,"column":null}},"27":{"start":{"line":65,"column":2},"end":{"line":65,"column":null}},"28":{"start":{"line":70,"column":17},"end":{"line":70,"column":null}},"29":{"start":{"line":71,"column":15},"end":{"line":71,"column":null}},"30":{"start":{"line":72,"column":2},"end":{"line":72,"column":null}},"31":{"start":{"line":77,"column":2},"end":{"line":82,"column":null}},"32":{"start":{"line":78,"column":19},"end":{"line":78,"column":null}},"33":{"start":{"line":79,"column":4},"end":{"line":79,"column":null}},"34":{"start":{"line":81,"column":4},"end":{"line":81,"column":null}},"35":{"start":{"line":87,"column":2},"end":{"line":92,"column":null}},"36":{"start":{"line":88,"column":19},"end":{"line":88,"column":null}},"37":{"start":{"line":89,"column":4},"end":{"line":89,"column":null}},"38":{"start":{"line":91,"column":4},"end":{"line":91,"column":null}},"39":{"start":{"line":97,"column":18},"end":{"line":97,"column":null}},"40":{"start":{"line":98,"column":21},"end":{"line":98,"column":null}},"41":{"start":{"line":100,"column":2},"end":{"line":105,"column":null}},"42":{"start":{"line":101,"column":4},"end":{"line":104,"column":null}},"43":{"start":{"line":107,"column":16},"end":{"line":107,"column":null}},"44":{"start":{"line":108,"column":16},"end":{"line":108,"column":null}},"45":{"start":{"line":110,"column":2},"end":{"line":115,"column":null}},"46":{"start":{"line":111,"column":4},"end":{"line":114,"column":null}},"47":{"start":{"line":117,"column":18},"end":{"line":117,"column":null}},"48":{"start":{"line":119,"column":2},"end":{"line":124,"column":null}},"49":{"start":{"line":120,"column":4},"end":{"line":123,"column":null}},"50":{"start":{"line":126,"column":2},"end":{"line":126,"column":null}}},"fnMap":{"0":{"name":"hashPassword","decl":{"start":{"line":7,"column":22},"end":{"line":7,"column":35}},"loc":{"start":{"line":7,"column":70},"end":{"line":10,"column":null}},"line":7},"1":{"name":"verifyPassword","decl":{"start":{"line":13,"column":22},"end":{"line":13,"column":37}},"loc":{"start":{"line":13,"column":87},"end":{"line":15,"column":null}},"line":13},"2":{"name":"(anonymous_2)","decl":{"start":{"line":18,"column":6},"end":{"line":18,"column":27}},"loc":{"start":{"line":18,"column":27},"end":{"line":37,"column":null}},"line":18},"3":{"name":"(anonymous_3)","decl":{"start":{"line":40,"column":6},"end":{"line":40,"column":31}},"loc":{"start":{"line":40,"column":31},"end":{"line":59,"column":null}},"line":40},"4":{"name":"generateAccessToken","decl":{"start":{"line":62,"column":16},"end":{"line":62,"column":36}},"loc":{"start":{"line":62,"column":76},"end":{"line":66,"column":null}},"line":62},"5":{"name":"generateRefreshToken","decl":{"start":{"line":69,"column":16},"end":{"line":69,"column":37}},"loc":{"start":{"line":69,"column":77},"end":{"line":73,"column":null}},"line":69},"6":{"name":"verifyAccessToken","decl":{"start":{"line":76,"column":16},"end":{"line":76,"column":34}},"loc":{"start":{"line":76,"column":70},"end":{"line":83,"column":null}},"line":76},"7":{"name":"verifyRefreshToken","decl":{"start":{"line":86,"column":16},"end":{"line":86,"column":35}},"loc":{"start":{"line":86,"column":71},"end":{"line":93,"column":null}},"line":86},"8":{"name":"protectRoute","decl":{"start":{"line":96,"column":16},"end":{"line":96,"column":29}},"loc":{"start":{"line":96,"column":59},"end":{"line":127,"column":null}},"line":96}},"branchMap":{"0":{"loc":{"start":{"line":22,"column":13},"end":{"line":22,"column":null}},"type":"binary-expr","locations":[{"start":{"line":22,"column":13},"end":{"line":22,"column":39}},{"start":{"line":22,"column":39},"end":{"line":22,"column":59}},{"start":{"line":22,"column":59},"end":{"line":22,"column":92}},{"start":{"line":22,"column":92},"end":{"line":22,"column":null}}],"line":22},"1":{"loc":{"start":{"line":24,"column":13},"end":{"line":24,"column":null}},"type":"binary-expr","locations":[{"start":{"line":24,"column":13},"end":{"line":24,"column":46}},{"start":{"line":24,"column":46},"end":{"line":24,"column":null}}],"line":24},"2":{"loc":{"start":{"line":29,"column":2},"end":{"line":34,"column":null}},"type":"if","locations":[{"start":{"line":29,"column":2},"end":{"line":34,"column":null}},{"start":{},"end":{}}],"line":29},"3":{"loc":{"start":{"line":29,"column":6},"end":{"line":29,"column":43}},"type":"binary-expr","locations":[{"start":{"line":29,"column":6},"end":{"line":29,"column":17}},{"start":{"line":29,"column":17},"end":{"line":29,"column":43}}],"line":29},"4":{"loc":{"start":{"line":30,"column":4},"end":{"line":32,"column":null}},"type":"if","locations":[{"start":{"line":30,"column":4},"end":{"line":32,"column":null}},{"start":{},"end":{}}],"line":30},"5":{"loc":{"start":{"line":44,"column":13},"end":{"line":44,"column":null}},"type":"binary-expr","locations":[{"start":{"line":44,"column":13},"end":{"line":44,"column":40}},{"start":{"line":44,"column":40},"end":{"line":44,"column":null}}],"line":44},"6":{"loc":{"start":{"line":51,"column":2},"end":{"line":56,"column":null}},"type":"if","locations":[{"start":{"line":51,"column":2},"end":{"line":56,"column":null}},{"start":{},"end":{}}],"line":51},"7":{"loc":{"start":{"line":51,"column":6},"end":{"line":51,"column":43}},"type":"binary-expr","locations":[{"start":{"line":51,"column":6},"end":{"line":51,"column":17}},{"start":{"line":51,"column":17},"end":{"line":51,"column":43}}],"line":51},"8":{"loc":{"start":{"line":52,"column":4},"end":{"line":54,"column":null}},"type":"if","locations":[{"start":{"line":52,"column":4},"end":{"line":54,"column":null}},{"start":{},"end":{}}],"line":52},"9":{"loc":{"start":{"line":64,"column":15},"end":{"line":64,"column":null}},"type":"cond-expr","locations":[{"start":{"line":64,"column":45},"end":{"line":64,"column":67}},{"start":{"line":64,"column":67},"end":{"line":64,"column":null}}],"line":64},"10":{"loc":{"start":{"line":71,"column":15},"end":{"line":71,"column":null}},"type":"cond-expr","locations":[{"start":{"line":71,"column":45},"end":{"line":71,"column":67}},{"start":{"line":71,"column":67},"end":{"line":71,"column":null}}],"line":71},"11":{"loc":{"start":{"line":97,"column":18},"end":{"line":97,"column":null}},"type":"binary-expr","locations":[{"start":{"line":97,"column":18},"end":{"line":97,"column":46}},{"start":{"line":97,"column":46},"end":{"line":97,"column":null}}],"line":97},"12":{"loc":{"start":{"line":98,"column":21},"end":{"line":98,"column":null}},"type":"binary-expr","locations":[{"start":{"line":98,"column":21},"end":{"line":98,"column":46}},{"start":{"line":98,"column":46},"end":{"line":98,"column":null}}],"line":98},"13":{"loc":{"start":{"line":100,"column":2},"end":{"line":105,"column":null}},"type":"if","locations":[{"start":{"line":100,"column":2},"end":{"line":105,"column":null}},{"start":{},"end":{}}],"line":100},"14":{"loc":{"start":{"line":100,"column":6},"end":{"line":100,"column":90}},"type":"binary-expr","locations":[{"start":{"line":100,"column":6},"end":{"line":100,"column":21}},{"start":{"line":100,"column":21},"end":{"line":100,"column":55}},{"start":{"line":100,"column":55},"end":{"line":100,"column":90}}],"line":100},"15":{"loc":{"start":{"line":110,"column":2},"end":{"line":115,"column":null}},"type":"if","locations":[{"start":{"line":110,"column":2},"end":{"line":115,"column":null}},{"start":{},"end":{}}],"line":110},"16":{"loc":{"start":{"line":119,"column":2},"end":{"line":124,"column":null}},"type":"if","locations":[{"start":{"line":119,"column":2},"end":{"line":124,"column":null}},{"start":{},"end":{}}],"line":119}},"s":{"0":2,"1":2,"2":2,"3":1,"4":8,"5":8,"6":8,"7":8,"8":8,"9":8,"10":6,"11":0,"12":6,"13":2,"14":1,"15":5,"16":5,"17":5,"18":5,"19":5,"20":5,"21":3,"22":0,"23":3,"24":2,"25":3,"26":3,"27":3,"28":2,"29":2,"30":2,"31":5,"32":5,"33":5,"34":2,"35":3,"36":3,"37":3,"38":1,"39":4,"40":4,"41":4,"42":1,"43":3,"44":3,"45":3,"46":1,"47":2,"48":2,"49":1,"50":1},"f":{"0":2,"1":2,"2":8,"3":5,"4":3,"5":2,"6":5,"7":3,"8":4},"b":{"0":[8,0,0,0],"1":[8,6],"2":[6,2],"3":[8,2],"4":[0,6],"5":[5,0],"6":[3,2],"7":[5,2],"8":[0,3],"9":[1,2],"10":[2,0],"11":[4,0],"12":[4,1],"13":[1,3],"14":[4,3,3],"15":[1,2],"16":[1,1]},"meta":{"lastBranch":17,"lastFunction":9,"lastStatement":51,"seen":{"f:7:22:7:35":0,"s:8:15:8:Infinity":0,"s:9:2:9:Infinity":1,"f:13:22:13:37":1,"s:14:2:14:Infinity":2,"s:18:6:37:Infinity":3,"f:18:6:18:27":2,"s:20:2:25:Infinity":4,"s:21:19:21:36":5,"s:22:4:22:Infinity":6,"b:22:13:22:39:22:39:22:59:22:59:22:92:22:92:22:Infinity":0,"s:24:4:24:Infinity":7,"b:24:13:24:46:24:46:24:Infinity":1,"s:27:24:27:Infinity":8,"b:29:2:34:Infinity:undefined:undefined:undefined:undefined":2,"s:29:2:34:Infinity":9,"b:29:6:29:17:29:17:29:43":3,"b:30:4:32:Infinity:undefined:undefined:undefined:undefined":4,"s:30:4:32:Infinity":10,"s:31:6:31:Infinity":11,"s:33:4:33:Infinity":12,"s:36:2:36:Infinity":13,"s:40:6:59:Infinity":14,"f:40:6:40:31":3,"s:42:2:47:Infinity":15,"s:43:19:43:36":16,"s:44:4:44:Infinity":17,"b:44:13:44:40:44:40:44:Infinity":5,"s:46:4:46:Infinity":18,"s:49:24:49:Infinity":19,"b:51:2:56:Infinity:undefined:undefined:undefined:undefined":6,"s:51:2:56:Infinity":20,"b:51:6:51:17:51:17:51:43":7,"b:52:4:54:Infinity:undefined:undefined:undefined:undefined":8,"s:52:4:54:Infinity":21,"s:53:6:53:Infinity":22,"s:55:4:55:Infinity":23,"s:58:2:58:Infinity":24,"f:62:16:62:36":4,"s:63:17:63:Infinity":25,"s:64:15:64:Infinity":26,"b:64:45:64:67:64:67:64:Infinity":9,"s:65:2:65:Infinity":27,"f:69:16:69:37":5,"s:70:17:70:Infinity":28,"s:71:15:71:Infinity":29,"b:71:45:71:67:71:67:71:Infinity":10,"s:72:2:72:Infinity":30,"f:76:16:76:34":6,"s:77:2:82:Infinity":31,"s:78:19:78:Infinity":32,"s:79:4:79:Infinity":33,"s:81:4:81:Infinity":34,"f:86:16:86:35":7,"s:87:2:92:Infinity":35,"s:88:19:88:Infinity":36,"s:89:4:89:Infinity":37,"s:91:4:91:Infinity":38,"f:96:16:96:29":8,"s:97:18:97:Infinity":39,"b:97:18:97:46:97:46:97:Infinity":11,"s:98:21:98:Infinity":40,"b:98:21:98:46:98:46:98:Infinity":12,"b:100:2:105:Infinity:undefined:undefined:undefined:undefined":13,"s:100:2:105:Infinity":41,"b:100:6:100:21:100:21:100:55:100:55:100:90":14,"s:101:4:104:Infinity":42,"s:107:16:107:Infinity":43,"s:108:16:108:Infinity":44,"b:110:2:115:Infinity:undefined:undefined:undefined:undefined":15,"s:110:2:115:Infinity":45,"s:111:4:114:Infinity":46,"s:117:18:117:Infinity":47,"b:119:2:124:Infinity:undefined:undefined:undefined:undefined":16,"s:119:2:124:Infinity":48,"s:120:4:123:Infinity":49,"s:126:2:126:Infinity":50},"fnNames":{}}}
}
